<?xml version="1.0" encoding="UTF-8"?>
<testsuite xmlns:xsi="http://www.w3.org/2001/XMLSchema-instance" xsi:noNamespaceSchemaLocation="https://maven.apache.org/surefire/maven-surefire-plugin/xsd/surefire-test-report-3.0.xsd" version="3.0" name="com.vivance.hotel.HotelApplicationTests" time="8.059" tests="1" errors="0" skipped="0" failures="0">
  <properties>
[...]
</properties>
  <testcase name="contextLoads" classname="com.vivance.hotel.HotelApplicationTests" time="0.394">
    <system-out><![CDATA[12:57:56.245 [main] INFO org.springframework.test.context.support.AnnotationConfigContextLoaderUtils -- Could not detect default configuration classes for test class [com.vivance.hotel.HotelApplicationTests]: HotelApplicationTests does not declare any static, non-private, non-final, nested classes annotated with @Configuration.
12:57:56.339 [main] INFO org.springframework.boot.test.context.SpringBootTestContextBootstrapper -- Found @SpringBootConfiguration com.vivance.hotel.HotelApplication for test class com.vivance.hotel.HotelApplicationTests
12:57:56,145 |-INFO in ch.qos.logback.classic.LoggerContext[default] - This is logback-classic version 1.4.14
12:57:56,146 |-INFO in ch.qos.logback.classic.util.ContextInitializer@29c5ee1d - Here is a list of configurators discovered as a service, by rank: 
12:57:56,146 |-INFO in ch.qos.logback.classic.util.ContextInitializer@29c5ee1d -   org.springframework.boot.logging.logback.RootLogLevelConfigurator
12:57:56,146 |-INFO in ch.qos.logback.classic.util.ContextInitializer@29c5ee1d - They will be invoked in order until ExecutionStatus.DO_NOT_INVOKE_NEXT_IF_ANY is returned.
12:57:56,146 |-INFO in ch.qos.logback.classic.util.ContextInitializer@29c5ee1d - Constructed configurator of type class org.springframework.boot.logging.logback.RootLogLevelConfigurator
12:57:56,153 |-INFO in ch.qos.logback.classic.util.ContextInitializer@29c5ee1d - org.springframework.boot.logging.logback.RootLogLevelConfigurator.configure() call lasted 1 milliseconds. ExecutionStatus=INVOKE_NEXT_IF_ANY
12:57:56,153 |-INFO in ch.qos.logback.classic.util.ContextInitializer@29c5ee1d - Trying to configure with ch.qos.logback.classic.joran.SerializedModelConfigurator
12:57:56,153 |-INFO in ch.qos.logback.classic.util.ContextInitializer@29c5ee1d - Constructed configurator of type class ch.qos.logback.classic.joran.SerializedModelConfigurator
12:57:56,155 |-INFO in ch.qos.logback.classic.LoggerContext[default] - Could NOT find resource [logback-test.scmo]
12:57:56,155 |-INFO in ch.qos.logback.classic.LoggerContext[default] - Could NOT find resource [logback.scmo]
12:57:56,155 |-INFO in ch.qos.logback.classic.util.ContextInitializer@29c5ee1d - ch.qos.logback.classic.joran.SerializedModelConfigurator.configure() call lasted 2 milliseconds. ExecutionStatus=INVOKE_NEXT_IF_ANY
12:57:56,155 |-INFO in ch.qos.logback.classic.util.ContextInitializer@29c5ee1d - Trying to configure with ch.qos.logback.classic.util.DefaultJoranConfigurator
12:57:56,156 |-INFO in ch.qos.logback.classic.util.ContextInitializer@29c5ee1d - Constructed configurator of type class ch.qos.logback.classic.util.DefaultJoranConfigurator
12:57:56,156 |-INFO in ch.qos.logback.classic.LoggerContext[default] - Could NOT find resource [logback-test.xml]
12:57:56,156 |-INFO in ch.qos.logback.classic.LoggerContext[default] - Could NOT find resource [logback.xml]
12:57:56,156 |-INFO in ch.qos.logback.classic.util.ContextInitializer@29c5ee1d - ch.qos.logback.classic.util.DefaultJoranConfigurator.configure() call lasted 0 milliseconds. ExecutionStatus=INVOKE_NEXT_IF_ANY
12:57:56,156 |-INFO in ch.qos.logback.classic.util.ContextInitializer@29c5ee1d - Trying to configure with ch.qos.logback.classic.BasicConfigurator
12:57:56,157 |-INFO in ch.qos.logback.classic.util.ContextInitializer@29c5ee1d - Constructed configurator of type class ch.qos.logback.classic.BasicConfigurator
12:57:56,157 |-INFO in ch.qos.logback.classic.BasicConfigurator@15cea7b0 - Setting up default configuration.
12:57:56,169 |-INFO in ch.qos.logback.classic.util.ContextInitializer@29c5ee1d - ch.qos.logback.classic.BasicConfigurator.configure() call lasted 12 milliseconds. ExecutionStatus=NEUTRAL
12:57:56,733 |-INFO in ch.qos.logback.core.model.processor.AppenderModelHandler - Processing appender named [CONSOLE]
12:57:56,733 |-INFO in ch.qos.logback.core.model.processor.AppenderModelHandler - About to instantiate appender of type [ch.qos.logback.core.ConsoleAppender]
12:57:56,735 |-INFO in ch.qos.logback.core.model.processor.ImplicitModelHandler - Assuming default type [ch.qos.logback.classic.encoder.PatternLayoutEncoder] for [encoder] property
12:57:56,750 |-INFO in ch.qos.logback.core.model.processor.AppenderModelHandler - Processing appender named [FILE]
12:57:56,750 |-INFO in ch.qos.logback.core.model.processor.AppenderModelHandler - About to instantiate appender of type [ch.qos.logback.core.rolling.RollingFileAppender]
12:57:56,759 |-INFO in c.q.l.core.rolling.TimeBasedRollingPolicy@399699227 - setting totalSizeCap to 2 GB
12:57:56,761 |-INFO in c.q.l.core.rolling.TimeBasedRollingPolicy@399699227 - Will use gz compression
12:57:56,762 |-INFO in c.q.l.core.rolling.TimeBasedRollingPolicy@399699227 - Will use the pattern logs/hotel-booking-platform-%d{yyyy-MM-dd}.%i.log for the active file
12:57:56,763 |-INFO in ch.qos.logback.core.rolling.SizeAndTimeBasedFNATP@185f7840 - The date pattern is 'yyyy-MM-dd' from file name pattern 'logs/hotel-booking-platform-%d{yyyy-MM-dd}.%i.log.gz'.
12:57:56,763 |-INFO in ch.qos.logback.core.rolling.SizeAndTimeBasedFNATP@185f7840 - Roll-over at midnight.
12:57:56,764 |-INFO in ch.qos.logback.core.rolling.SizeAndTimeBasedFNATP@185f7840 - Setting initial period to 2026-04-13T22:42:15.225Z
12:57:56,764 |-WARN in ch.qos.logback.core.rolling.SizeAndTimeBasedFNATP@185f7840 - SizeAndTimeBasedFNATP is deprecated. Use SizeAndTimeBasedRollingPolicy instead
12:57:56,764 |-WARN in ch.qos.logback.core.rolling.SizeAndTimeBasedFNATP@185f7840 - For more information see http://logback.qos.ch/manual/appenders.html#SizeAndTimeBasedRollingPolicy
12:57:56,766 |-INFO in ch.qos.logback.core.model.processor.ImplicitModelHandler - Assuming default type [ch.qos.logback.classic.encoder.PatternLayoutEncoder] for [encoder] property
12:57:56,767 |-INFO in ch.qos.logback.core.rolling.RollingFileAppender[FILE] - Active log file name: logs/hotel-booking-platform.log
12:57:56,767 |-INFO in ch.qos.logback.core.rolling.RollingFileAppender[FILE] - File property is set to [logs/hotel-booking-platform.log]
12:57:56,768 |-WARN in ch.qos.logback.core.model.processor.AppenderModelHandler - Appender named [ASYNC_FILE] not referenced. Skipping further processing.
12:57:56,768 |-INFO in ch.qos.logback.classic.model.processor.RootLoggerModelHandler - Setting level of ROOT logger to INFO
12:57:56,768 |-INFO in ch.qos.logback.classic.jul.LevelChangePropagator@1e6cc850 - Propagating INFO level on Logger[ROOT] onto the JUL framework
12:57:56,769 |-INFO in ch.qos.logback.core.model.processor.AppenderRefModelHandler - Attaching appender named [CONSOLE] to Logger[ROOT]
12:57:56,769 |-INFO in ch.qos.logback.classic.model.processor.LoggerModelHandler - Setting level of logger [com.vivance.hotel] to DEBUG
12:57:56,769 |-INFO in ch.qos.logback.classic.jul.LevelChangePropagator@1e6cc850 - Propagating DEBUG level on Logger[com.vivance.hotel] onto the JUL framework
12:57:56,769 |-INFO in ch.qos.logback.core.model.processor.DefaultProcessor@7e7f0f0a - End of configuration.
12:57:56,769 |-INFO in org.springframework.boot.logging.logback.SpringBootJoranConfigurator@7ec58feb - Registering current configuration as safe fallback point


  .   ____          _            __ _ _
 /\\ / ___'_ __ _ _(_)_ __  __ _ \ \ \ \
( ( )\___ | '_ | '_| | '_ \/ _` | \ \ \ \
 \\/  ___)| |_)| | | | | || (_| |  ) ) ) )
  '  |____| .__|_| |_|_| |_\__, | / / / /
 =========|_|==============|___/=/_/_/_/
 :: Spring Boot ::                (v3.2.5)

2026-04-23 12:57:56.799 [background-preinit] INFO  [] org.hibernate.validator.internal.util.Version - HV000001: Hibernate Validator 8.0.1.Final
2026-04-23 12:57:56.817 [main] INFO  [] com.vivance.hotel.HotelApplicationTests - Starting HotelApplicationTests using Java 21.0.10 with PID 7368 (started by sneak in C:\Lalmani\Vivance\GitHub\hotel)
2026-04-23 12:57:56.817 [main] DEBUG [] com.vivance.hotel.HotelApplicationTests - Running with Spring Boot v3.2.5, Spring v6.1.6
2026-04-23 12:57:56.818 [main] INFO  [] com.vivance.hotel.HotelApplicationTests - The following 1 profile is active: "test"
2026-04-23 12:57:57.747 [main] INFO  [] o.s.d.r.config.RepositoryConfigurationDelegate - Bootstrapping Spring Data JPA repositories in DEFAULT mode.
2026-04-23 12:57:57.901 [main] INFO  [] o.s.d.r.config.RepositoryConfigurationDelegate - Finished Spring Data repository scanning in 148 ms. Found 12 JPA repository interfaces.
2026-04-23 12:57:58.767 [main] INFO  [] org.hibernate.jpa.internal.util.LogHelper - HHH000204: Processing PersistenceUnitInfo [name: default]
2026-04-23 12:57:58.821 [main] INFO  [] org.hibernate.Version - HHH000412: Hibernate ORM core version 6.4.4.Final
2026-04-23 12:57:58.852 [main] INFO  [] o.hibernate.cache.internal.RegionFactoryInitiator - HHH000026: Second-level cache disabled
2026-04-23 12:57:59.069 [main] INFO  [] o.s.o.j.persistenceunit.SpringPersistenceUnitInfo - No LoadTimeWeaver setup: ignoring JPA class transformer
2026-04-23 12:57:59.091 [main] INFO  [] com.zaxxer.hikari.HikariDataSource - HikariPool-1 - Starting...
2026-04-23 12:57:59.240 [main] INFO  [] com.zaxxer.hikari.pool.HikariPool - HikariPool-1 - Added connection conn0: url=jdbc:h2:mem:testdb user=SA
2026-04-23 12:57:59.241 [main] INFO  [] com.zaxxer.hikari.HikariDataSource - HikariPool-1 - Start completed.
2026-04-23 12:57:59.268 [main] WARN  [] org.hibernate.dialect.Dialect - HHH000511: The 2.2.0 version for [org.hibernate.dialect.MySQLDialect] is no longer supported, hence certain features may not work properly. The minimum supported version is 8.0.0. Check the community dialects project for available legacy versions.
2026-04-23 12:57:59.271 [main] WARN  [] org.hibernate.orm.deprecation - HHH90000025: MySQLDialect does not need to be specified explicitly using 'hibernate.dialect' (remove the property setting and it will be selected by default)
2026-04-23 12:58:00.251 [main] INFO  [] o.h.e.t.jta.platform.internal.JtaPlatformInitiator - HHH000489: No JTA platform available (set 'hibernate.transaction.jta.platform' to enable JTA platform integration)
2026-04-23 12:58:00.253 [main] INFO  [] o.s.orm.jpa.LocalContainerEntityManagerFactoryBean - Initialized JPA EntityManagerFactory for persistence unit 'default'
2026-04-23 12:58:00.963 [main] INFO  [] o.s.data.jpa.repository.query.QueryEnhancerFactory - Hibernate is in classpath; If applicable, HQL parser will be used.
2026-04-23 12:58:01.999 [main] INFO  [] c.v.h.infrastructure.aggregator.AggregatorFactory - Registered aggregators: [TBO]
2026-04-23 12:58:02.658 [main] INFO  [] o.s.security.web.DefaultSecurityFilterChain - Will secure any request with [org.springframework.security.web.session.DisableEncodeUrlFilter@88d92e5, org.springframework.security.web.context.request.async.WebAsyncManagerIntegrationFilter@3b6ccd61, org.springframework.security.web.context.SecurityContextHolderFilter@12bc51f4, org.springframework.security.web.header.HeaderWriterFilter@471e3e69, org.springframework.web.filter.CorsFilter@7447b08c, org.springframework.security.web.authentication.logout.LogoutFilter@10087ad5, com.vivance.hotel.security.ApiKeyBearerAuthFilter@30a1b9b0, com.vivance.hotel.security.JwtAuthenticationFilter@21f8aa9c, org.springframework.security.web.savedrequest.RequestCacheAwareFilter@5b57bd5b, org.springframework.security.web.servletapi.SecurityContextHolderAwareRequestFilter@45de2baa, org.springframework.security.web.authentication.AnonymousAuthenticationFilter@3f5f610d, org.springframework.security.web.session.SessionManagementFilter@730b8cfa, org.springframework.security.web.access.ExceptionTranslationFilter@467686b2, org.springframework.security.web.access.intercept.AuthorizationFilter@5a27a096]
2026-04-23 12:58:03.751 [main] INFO  [] com.vivance.hotel.HotelApplicationTests - Started HotelApplicationTests in 7.279 seconds (process running for 8.084)
]]></system-out>
    <system-err><![CDATA[WARNING: A Java agent has been loaded dynamically (C:\Users\sneak\.m2\repository\net\bytebuddy\byte-buddy-agent\1.14.13\byte-buddy-agent-1.14.13.jar)
WARNING: If a serviceability tool is in use, please run with -XX:+EnableDynamicAgentLoading to hide this warning
WARNING: If a serviceability tool is not in use, please run with -Djdk.instrument.traceUsage for more information
WARNING: Dynamic loading of agents will be disallowed by default in a future release
]]></system-err>
  </testcase>
</testsuite>